1684757254861	geckodriver	INFO	Listening on 127.0.0.1:45445
1684757255379	mozrunner::runner	INFO	Running command: MOZ_CRASHREPORTER="1" MOZ_CRASHREPORTER_NO_REPORT="1" MOZ_CRASHREPORTER_SHUTDOWN="1" MOZ_NO_REMOTE="1" "/usr ... te" "--remote-debugging-port" "33559" "--remote-allow-hosts" "localhost" "-no-remote" "-profile" "/tmp/rust_mozprofileKqBsXg"
console.warn: services.settings: Ignoring preference override of remote settings server
console.warn: services.settings: Allow by setting MOZ_REMOTE_SETTINGS_DEVTOOLS=1 in the environment
[GFX1-]: glxtest: VA-API test failed: missing or old libva-drm library.
ATTENTION: default value of option mesa_glthread overridden by environment.
ATTENTION: default value of option mesa_glthread overridden by environment.
ATTENTION: default value of option mesa_glthread overridden by environment.
ATTENTION: default value of option mesa_glthread overridden by environment.
1684757256519	Marionette	INFO	Marionette enabled
1684757256524	Marionette	INFO	Listening on port 46063
Read port: 46063
WebDriver BiDi listening on ws://127.0.0.1:33559
1684757256666	RemoteAgent	WARN	TLS certificate errors will be ignored for this session
console.error: ({})
[ERROR glean_core] Error setting metrics feature config: Json(Error("EOF while parsing a value", line: 1, column: 0))
DevTools listening on ws://127.0.0.1:33559/devtools/browser/04ab4862-33d2-47b3-9f13-293f2ef7acf5
console.error: "update.locale" " file doesn't exist in either the application or GRE directories"
1684757293408	geckodriver	INFO	Listening on 127.0.0.1:43023
1684757293914	mozrunner::runner	INFO	Running command: MOZ_CRASHREPORTER="1" MOZ_CRASHREPORTER_NO_REPORT="1" MOZ_CRASHREPORTER_SHUTDOWN="1" MOZ_NO_REMOTE="1" "/usr ... te" "--remote-debugging-port" "56181" "--remote-allow-hosts" "localhost" "-no-remote" "-profile" "/tmp/rust_mozprofileOJgxDy"
console.warn: services.settings: Ignoring preference override of remote settings server
console.warn: services.settings: Allow by setting MOZ_REMOTE_SETTINGS_DEVTOOLS=1 in the environment
[GFX1-]: glxtest: VA-API test failed: missing or old libva-drm library.
ATTENTION: default value of option mesa_glthread overridden by environment.
ATTENTION: default value of option mesa_glthread overridden by environment.
ATTENTION: default value of option mesa_glthread overridden by environment.
ATTENTION: default value of option mesa_glthread overridden by environment.
1684757294879	Marionette	INFO	Marionette enabled
1684757294884	Marionette	INFO	Listening on port 44023
Read port: 44023
WebDriver BiDi listening on ws://127.0.0.1:56181
1684757295011	RemoteAgent	WARN	TLS certificate errors will be ignored for this session
console.error: ({})
[ERROR glean_core] Error setting metrics feature config: Json(Error("EOF while parsing a value", line: 1, column: 0))
DevTools listening on ws://127.0.0.1:56181/devtools/browser/4be6773d-c6c5-4657-bacd-c2d46ec75e32
[Child 31836, Main Thread] WARNING: JSWindowActorChild::SendRawMessage (Conduits, ConduitClosed) not sent: !CanSend() || !mManager || !mManager->CanSend(): file /build/firefox-sx15yn/firefox-113.0.1+build1/dom/ipc/jsactor/JSWindowActorChild.cpp:57
[Child 31836, Main Thread] WARNING: JSWindowActorChild::SendRawMessage (Conduits, ConduitClosed) not sent: !CanSend() || !mManager || !mManager->CanSend(): file /build/firefox-sx15yn/firefox-113.0.1+build1/dom/ipc/jsactor/JSWindowActorChild.cpp:57
[Child 31836, Main Thread] WARNING: JSWindowActorChild::SendRawMessage (Conduits, ConduitClosed) not sent: !CanSend() || !mManager || !mManager->CanSend(): file /build/firefox-sx15yn/firefox-113.0.1+build1/dom/ipc/jsactor/JSWindowActorChild.cpp:57
[Child 31836, Main Thread] WARNING: JSWindowActorChild::SendRawMessage (Conduits, ConduitClosed) not sent: !CanSend() || !mManager || !mManager->CanSend(): file /build/firefox-sx15yn/firefox-113.0.1+build1/dom/ipc/jsactor/JSWindowActorChild.cpp:57
[Child 31836, Main Thread] WARNING: JSWindowActorChild::SendRawMessage (Conduits, ConduitClosed) not sent: !CanSend() || !mManager || !mManager->CanSend(): file /build/firefox-sx15yn/firefox-113.0.1+build1/dom/ipc/jsactor/JSWindowActorChild.cpp:57
[Child 31836, Main Thread] WARNING: JSWindowActorChild::SendRawMessage (Conduits, ConduitClosed) not sent: !CanSend() || !mManager || !mManager->CanSend(): file /build/firefox-sx15yn/firefox-113.0.1+build1/dom/ipc/jsactor/JSWindowActorChild.cpp:57
[Child 31836, Main Thread] WARNING: JSWindowActorChild::SendRawMessage (Conduits, ConduitClosed) not sent: !CanSend() || !mManager || !mManager->CanSend(): file /build/firefox-sx15yn/firefox-113.0.1+build1/dom/ipc/jsactor/JSWindowActorChild.cpp:57
[Child 31836, Main Thread] WARNING: JSWindowActorChild::SendRawMessage (Conduits, ConduitClosed) not sent: !CanSend() || !mManager || !mManager->CanSend(): file /build/firefox-sx15yn/firefox-113.0.1+build1/dom/ipc/jsactor/JSWindowActorChild.cpp:57
1684757299712	Marionette	INFO	Stopped listening on port 46063
JavaScript error: , line 0: NotFoundError: No such JSWindowActor 'DevToolsFrame'
JavaScript error: , line 0: NotFoundError: No such JSWindowActor 'DevToolsFrame'
JavaScript error: , line 0: NotFoundError: No such JSWindowActor 'DevToolsFrame'
JavaScript error: , line 0: NotFoundError: No such JSWindowActor 'DevToolsFrame'
JavaScript error: , line 0: NotFoundError: No such JSWindowActor 'DevToolsFrame'
JavaScript error: , line 0: NotFoundError: No such JSWindowActor 'DevToolsFrame'
JavaScript error: , line 0: NotFoundError: No such JSWindowActor 'DevToolsFrame'
JavaScript error: , line 0: NotFoundError: No such JSWindowActor 'DevToolsFrame'
JavaScript error: , line 0: NotFoundError: No such JSWindowActor 'DevToolsFrame'
[Child 32288, Main Thread] WARNING: JSWindowActorChild::SendRawMessage (Conduits, ConduitClosed) not sent: !CanSend() || !mManager || !mManager->CanSend(): file /build/firefox-sx15yn/firefox-113.0.1+build1/dom/ipc/jsactor/JSWindowActorChild.cpp:57
[Child 32288, Main Thread] WARNING: JSWindowActorChild::SendRawMessage (Conduits, ConduitClosed) not sent: !CanSend() || !mManager || !mManager->CanSend(): file /build/firefox-sx15yn/firefox-113.0.1+build1/dom/ipc/jsactor/JSWindowActorChild.cpp:57
[Child 32288, Main Thread] WARNING: JSWindowActorChild::SendRawMessage (Conduits, ConduitClosed) not sent: !CanSend() || !mManager || !mManager->CanSend(): file /build/firefox-sx15yn/firefox-113.0.1+build1/dom/ipc/jsactor/JSWindowActorChild.cpp:57
[Child 32288, Main Thread] WARNING: JSWindowActorChild::SendRawMessage (Conduits, ConduitClosed) not sent: !CanSend() || !mManager || !mManager->CanSend(): file /build/firefox-sx15yn/firefox-113.0.1+build1/dom/ipc/jsactor/JSWindowActorChild.cpp:57
[Child 32288, Main Thread] WARNING: JSWindowActorChild::SendRawMessage (Conduits, ConduitClosed) not sent: !CanSend() || !mManager || !mManager->CanSend(): file /build/firefox-sx15yn/firefox-113.0.1+build1/dom/ipc/jsactor/JSWindowActorChild.cpp:57
[Child 32288, Main Thread] WARNING: JSWindowActorChild::SendRawMessage (Conduits, ConduitClosed) not sent: !CanSend() || !mManager || !mManager->CanSend(): file /build/firefox-sx15yn/firefox-113.0.1+build1/dom/ipc/jsactor/JSWindowActorChild.cpp:57
[Child 32288, Main Thread] WARNING: JSWindowActorChild::SendRawMessage (Conduits, ConduitClosed) not sent: !CanSend() || !mManager || !mManager->CanSend(): file /build/firefox-sx15yn/firefox-113.0.1+build1/dom/ipc/jsactor/JSWindowActorChild.cpp:57
[Child 32288, Main Thread] WARNING: JSWindowActorChild::SendRawMessage (Conduits, ConduitClosed) not sent: !CanSend() || !mManager || !mManager->CanSend(): file /build/firefox-sx15yn/firefox-113.0.1+build1/dom/ipc/jsactor/JSWindowActorChild.cpp:57
1684757324088	Marionette	INFO	Stopped listening on port 44023
1684757324978	geckodriver	INFO	Listening on 127.0.0.1:51643
1684757325489	mozrunner::runner	INFO	Running command: MOZ_CRASHREPORTER="1" MOZ_CRASHREPORTER_NO_REPORT="1" MOZ_CRASHREPORTER_SHUTDOWN="1" MOZ_NO_REMOTE="1" "/usr ... te" "--remote-debugging-port" "33709" "--remote-allow-hosts" "localhost" "-no-remote" "-profile" "/tmp/rust_mozprofileuxME7C"
console.warn: services.settings: Ignoring preference override of remote settings server
console.warn: services.settings: Allow by setting MOZ_REMOTE_SETTINGS_DEVTOOLS=1 in the environment
[GFX1-]: glxtest: VA-API test failed: missing or old libva-drm library.
ATTENTION: default value of option mesa_glthread overridden by environment.
ATTENTION: default value of option mesa_glthread overridden by environment.
ATTENTION: default value of option mesa_glthread overridden by environment.
ATTENTION: default value of option mesa_glthread overridden by environment.
1684757326453	Marionette	INFO	Marionette enabled
1684757326457	Marionette	INFO	Listening on port 38719
Read port: 38719
WebDriver BiDi listening on ws://127.0.0.1:33709
1684757326574	RemoteAgent	WARN	TLS certificate errors will be ignored for this session
console.error: ({})
[ERROR glean_core] Error setting metrics feature config: Json(Error("EOF while parsing a value", line: 1, column: 0))
DevTools listening on ws://127.0.0.1:33709/devtools/browser/99eea027-6a54-48af-95b0-5ce460156f7a
[Child 32777, Main Thread] WARNING: JSWindowActorChild::SendRawMessage (Conduits, ConduitClosed) not sent: !CanSend() || !mManager || !mManager->CanSend(): file /build/firefox-sx15yn/firefox-113.0.1+build1/dom/ipc/jsactor/JSWindowActorChild.cpp:57
[Child 32777, Main Thread] WARNING: JSWindowActorChild::SendRawMessage (Conduits, ConduitClosed) not sent: !CanSend() || !mManager || !mManager->CanSend(): file /build/firefox-sx15yn/firefox-113.0.1+build1/dom/ipc/jsactor/JSWindowActorChild.cpp:57
[Child 32777, Main Thread] WARNING: JSWindowActorChild::SendRawMessage (Conduits, ConduitClosed) not sent: !CanSend() || !mManager || !mManager->CanSend(): file /build/firefox-sx15yn/firefox-113.0.1+build1/dom/ipc/jsactor/JSWindowActorChild.cpp:57
[Child 32777, Main Thread] WARNING: JSWindowActorChild::SendRawMessage (Conduits, ConduitClosed) not sent: !CanSend() || !mManager || !mManager->CanSend(): file /build/firefox-sx15yn/firefox-113.0.1+build1/dom/ipc/jsactor/JSWindowActorChild.cpp:57
[Child 32777, Main Thread] WARNING: JSWindowActorChild::SendRawMessage (Conduits, ConduitClosed) not sent: !CanSend() || !mManager || !mManager->CanSend(): file /build/firefox-sx15yn/firefox-113.0.1+build1/dom/ipc/jsactor/JSWindowActorChild.cpp:57
[Child 32777, Main Thread] WARNING: JSWindowActorChild::SendRawMessage (Conduits, ConduitClosed) not sent: !CanSend() || !mManager || !mManager->CanSend(): file /build/firefox-sx15yn/firefox-113.0.1+build1/dom/ipc/jsactor/JSWindowActorChild.cpp:57
[Child 32777, Main Thread] WARNING: JSWindowActorChild::SendRawMessage (Conduits, ConduitClosed) not sent: !CanSend() || !mManager || !mManager->CanSend(): file /build/firefox-sx15yn/firefox-113.0.1+build1/dom/ipc/jsactor/JSWindowActorChild.cpp:57
[Child 32777, Main Thread] WARNING: JSWindowActorChild::SendRawMessage (Conduits, ConduitClosed) not sent: !CanSend() || !mManager || !mManager->CanSend(): file /build/firefox-sx15yn/firefox-113.0.1+build1/dom/ipc/jsactor/JSWindowActorChild.cpp:57
1684757356605	Marionette	INFO	Stopped listening on port 38719
console.error: "update.locale" " file doesn't exist in either the application or GRE directories"
1684757356657	addons.xpi	ERROR	System addon update list error Error: Failed downloading XML, status: 0, reason: error
console.error: (new Error("Polling for changes failed: NetworkError: Network request failed.", "resource://services-settings/remote-settings.sys.mjs", 324))
1684757357534	geckodriver	INFO	Listening on 127.0.0.1:60661
1684757358039	mozrunner::runner	INFO	Running command: MOZ_CRASHREPORTER="1" MOZ_CRASHREPORTER_NO_REPORT="1" MOZ_CRASHREPORTER_SHUTDOWN="1" MOZ_NO_REMOTE="1" "/usr ... te" "--remote-debugging-port" "47393" "--remote-allow-hosts" "localhost" "-no-remote" "-profile" "/tmp/rust_mozprofileNxv259"
console.warn: services.settings: Ignoring preference override of remote settings server
console.warn: services.settings: Allow by setting MOZ_REMOTE_SETTINGS_DEVTOOLS=1 in the environment
[GFX1-]: glxtest: VA-API test failed: missing or old libva-drm library.
ATTENTION: default value of option mesa_glthread overridden by environment.
ATTENTION: default value of option mesa_glthread overridden by environment.
ATTENTION: default value of option mesa_glthread overridden by environment.
ATTENTION: default value of option mesa_glthread overridden by environment.
1684757358958	Marionette	INFO	Marionette enabled
1684757358963	Marionette	INFO	Listening on port 39205
Read port: 39205
WebDriver BiDi listening on ws://127.0.0.1:47393
1684757359095	RemoteAgent	WARN	TLS certificate errors will be ignored for this session
console.error: ({})
[ERROR glean_core] Error setting metrics feature config: Json(Error("EOF while parsing a value", line: 1, column: 0))
DevTools listening on ws://127.0.0.1:47393/devtools/browser/0f8844c5-aa60-4dbf-820f-dc8e39cf01ec
1684757381900	geckodriver	INFO	Listening on 127.0.0.1:34601
1684757382410	mozrunner::runner	INFO	Running command: MOZ_CRASHREPORTER="1" MOZ_CRASHREPORTER_NO_REPORT="1" MOZ_CRASHREPORTER_SHUTDOWN="1" MOZ_NO_REMOTE="1" "/usr ... te" "--remote-debugging-port" "39793" "--remote-allow-hosts" "localhost" "-no-remote" "-profile" "/tmp/rust_mozprofilebixrSr"
console.warn: services.settings: Ignoring preference override of remote settings server
console.warn: services.settings: Allow by setting MOZ_REMOTE_SETTINGS_DEVTOOLS=1 in the environment
[GFX1-]: glxtest: VA-API test failed: missing or old libva-drm library.
ATTENTION: default value of option mesa_glthread overridden by environment.
ATTENTION: default value of option mesa_glthread overridden by environment.
ATTENTION: default value of option mesa_glthread overridden by environment.
ATTENTION: default value of option mesa_glthread overridden by environment.
1684757383326	Marionette	INFO	Marionette enabled
1684757383331	Marionette	INFO	Listening on port 39203
WebDriver BiDi listening on ws://127.0.0.1:39793
Read port: 39203
1684757383464	RemoteAgent	WARN	TLS certificate errors will be ignored for this session
console.error: ({})
[ERROR glean_core] Error setting metrics feature config: Json(Error("EOF while parsing a value", line: 1, column: 0))
DevTools listening on ws://127.0.0.1:39793/devtools/browser/c5cdc418-5806-47d8-8890-a98b00f2adce
[Child 33177, Main Thread] WARNING: JSWindowActorChild::SendRawMessage (Conduits, ConduitClosed) not sent: !CanSend() || !mManager || !mManager->CanSend(): file /build/firefox-sx15yn/firefox-113.0.1+build1/dom/ipc/jsactor/JSWindowActorChild.cpp:57
[Child 33177, Main Thread] WARNING: JSWindowActorChild::SendRawMessage (Conduits, ConduitClosed) not sent: !CanSend() || !mManager || !mManager->CanSend(): file /build/firefox-sx15yn/firefox-113.0.1+build1/dom/ipc/jsactor/JSWindowActorChild.cpp:57
[Child 33177, Main Thread] WARNING: JSWindowActorChild::SendRawMessage (Conduits, ConduitClosed) not sent: !CanSend() || !mManager || !mManager->CanSend(): file /build/firefox-sx15yn/firefox-113.0.1+build1/dom/ipc/jsactor/JSWindowActorChild.cpp:57
[Child 33177, Main Thread] WARNING: JSWindowActorChild::SendRawMessage (Conduits, ConduitClosed) not sent: !CanSend() || !mManager || !mManager->CanSend(): file /build/firefox-sx15yn/firefox-113.0.1+build1/dom/ipc/jsactor/JSWindowActorChild.cpp:57
[Child 33177, Main Thread] WARNING: JSWindowActorChild::SendRawMessage (Conduits, ConduitClosed) not sent: !CanSend() || !mManager || !mManager->CanSend(): file /build/firefox-sx15yn/firefox-113.0.1+build1/dom/ipc/jsactor/JSWindowActorChild.cpp:57
[Child 33177, Main Thread] WARNING: JSWindowActorChild::SendRawMessage (Conduits, ConduitClosed) not sent: !CanSend() || !mManager || !mManager->CanSend(): file /build/firefox-sx15yn/firefox-113.0.1+build1/dom/ipc/jsactor/JSWindowActorChild.cpp:57
[Child 33177, Main Thread] WARNING: JSWindowActorChild::SendRawMessage (Conduits, ConduitClosed) not sent: !CanSend() || !mManager || !mManager->CanSend(): file /build/firefox-sx15yn/firefox-113.0.1+build1/dom/ipc/jsactor/JSWindowActorChild.cpp:57
[Child 33177, Main Thread] WARNING: JSWindowActorChild::SendRawMessage (Conduits, ConduitClosed) not sent: !CanSend() || !mManager || !mManager->CanSend(): file /build/firefox-sx15yn/firefox-113.0.1+build1/dom/ipc/jsactor/JSWindowActorChild.cpp:57
1684757387477	Marionette	INFO	Stopped listening on port 39205
1684757406242	geckodriver	INFO	Listening on 127.0.0.1:57127
1684757406752	mozrunner::runner	INFO	Running command: MOZ_CRASHREPORTER="1" MOZ_CRASHREPORTER_NO_REPORT="1" MOZ_CRASHREPORTER_SHUTDOWN="1" MOZ_NO_REMOTE="1" "/usr ... te" "--remote-debugging-port" "56267" "--remote-allow-hosts" "localhost" "-no-remote" "-profile" "/tmp/rust_mozprofileWoumQh"
console.warn: services.settings: Ignoring preference override of remote settings server
console.warn: services.settings: Allow by setting MOZ_REMOTE_SETTINGS_DEVTOOLS=1 in the environment
[GFX1-]: glxtest: VA-API test failed: missing or old libva-drm library.
ATTENTION: default value of option mesa_glthread overridden by environment.
ATTENTION: default value of option mesa_glthread overridden by environment.
ATTENTION: default value of option mesa_glthread overridden by environment.
ATTENTION: default value of option mesa_glthread overridden by environment.
1684757407736	Marionette	INFO	Marionette enabled
1684757407741	Marionette	INFO	Listening on port 41027
Read port: 41027
WebDriver BiDi listening on ws://127.0.0.1:56267
1684757407849	RemoteAgent	WARN	TLS certificate errors will be ignored for this session
console.error: ({})
[ERROR glean_core] Error setting metrics feature config: Json(Error("EOF while parsing a value", line: 1, column: 0))
DevTools listening on ws://127.0.0.1:56267/devtools/browser/4a902238-2432-4b1f-aebc-eeb30fbba8be
console.error: "update.locale" " file doesn't exist in either the application or GRE directories"
[Child 33996, Main Thread] WARNING: JSWindowActorChild::SendRawMessage (Conduits, ConduitClosed) not sent: !CanSend() || !mManager || !mManager->CanSend(): file /build/firefox-sx15yn/firefox-113.0.1+build1/dom/ipc/jsactor/JSWindowActorChild.cpp:57
[Child 33996, Main Thread] WARNING: JSWindowActorChild::SendRawMessage (Conduits, ConduitClosed) not sent: !CanSend() || !mManager || !mManager->CanSend(): file /build/firefox-sx15yn/firefox-113.0.1+build1/dom/ipc/jsactor/JSWindowActorChild.cpp:57
[Child 33996, Main Thread] WARNING: JSWindowActorChild::SendRawMessage (Conduits, ConduitClosed) not sent: !CanSend() || !mManager || !mManager->CanSend(): file /build/firefox-sx15yn/firefox-113.0.1+build1/dom/ipc/jsactor/JSWindowActorChild.cpp:57
[Child 33996, Main Thread] WARNING: JSWindowActorChild::SendRawMessage (Conduits, ConduitClosed) not sent: !CanSend() || !mManager || !mManager->CanSend(): file /build/firefox-sx15yn/firefox-113.0.1+build1/dom/ipc/jsactor/JSWindowActorChild.cpp:57
[Child 33996, Main Thread] WARNING: JSWindowActorChild::SendRawMessage (Conduits, ConduitClosed) not sent: !CanSend() || !mManager || !mManager->CanSend(): file /build/firefox-sx15yn/firefox-113.0.1+build1/dom/ipc/jsactor/JSWindowActorChild.cpp:57
[Child 33996, Main Thread] WARNING: JSWindowActorChild::SendRawMessage (Conduits, ConduitClosed) not sent: !CanSend() || !mManager || !mManager->CanSend(): file /build/firefox-sx15yn/firefox-113.0.1+build1/dom/ipc/jsactor/JSWindowActorChild.cpp:57
[Child 33996, Main Thread] WARNING: JSWindowActorChild::SendRawMessage (Conduits, ConduitClosed) not sent: !CanSend() || !mManager || !mManager->CanSend(): file /build/firefox-sx15yn/firefox-113.0.1+build1/dom/ipc/jsactor/JSWindowActorChild.cpp:57
[Child 33996, Main Thread] WARNING: JSWindowActorChild::SendRawMessage (Conduits, ConduitClosed) not sent: !CanSend() || !mManager || !mManager->CanSend(): file /build/firefox-sx15yn/firefox-113.0.1+build1/dom/ipc/jsactor/JSWindowActorChild.cpp:57
1684757435172	Marionette	INFO	Stopped listening on port 41027
[Child 33554, Main Thread] WARNING: JSWindowActorChild::SendRawMessage (Conduits, ConduitClosed) not sent: !CanSend() || !mManager || !mManager->CanSend(): file /build/firefox-sx15yn/firefox-113.0.1+build1/dom/ipc/jsactor/JSWindowActorChild.cpp:57
[Child 33554, Main Thread] WARNING: JSWindowActorChild::SendRawMessage (Conduits, ConduitClosed) not sent: !CanSend() || !mManager || !mManager->CanSend(): file /build/firefox-sx15yn/firefox-113.0.1+build1/dom/ipc/jsactor/JSWindowActorChild.cpp:57
[Child 33554, Main Thread] WARNING: JSWindowActorChild::SendRawMessage (Conduits, ConduitClosed) not sent: !CanSend() || !mManager || !mManager->CanSend(): file /build/firefox-sx15yn/firefox-113.0.1+build1/dom/ipc/jsactor/JSWindowActorChild.cpp:57
[Child 33554, Main Thread] WARNING: JSWindowActorChild::SendRawMessage (Conduits, ConduitClosed) not sent: !CanSend() || !mManager || !mManager->CanSend(): file /build/firefox-sx15yn/firefox-113.0.1+build1/dom/ipc/jsactor/JSWindowActorChild.cpp:57
[Child 33554, Main Thread] WARNING: JSWindowActorChild::SendRawMessage (Conduits, ConduitClosed) not sent: !CanSend() || !mManager || !mManager->CanSend(): file /build/firefox-sx15yn/firefox-113.0.1+build1/dom/ipc/jsactor/JSWindowActorChild.cpp:57
[Child 33554, Main Thread] WARNING: JSWindowActorChild::SendRawMessage (Conduits, ConduitClosed) not sent: !CanSend() || !mManager || !mManager->CanSend(): file /build/firefox-sx15yn/firefox-113.0.1+build1/dom/ipc/jsactor/JSWindowActorChild.cpp:57
[Child 33554, Main Thread] WARNING: JSWindowActorChild::SendRawMessage (Conduits, ConduitClosed) not sent: !CanSend() || !mManager || !mManager->CanSend(): file /build/firefox-sx15yn/firefox-113.0.1+build1/dom/ipc/jsactor/JSWindowActorChild.cpp:57
[Child 33554, Main Thread] WARNING: JSWindowActorChild::SendRawMessage (Conduits, ConduitClosed) not sent: !CanSend() || !mManager || !mManager->CanSend(): file /build/firefox-sx15yn/firefox-113.0.1+build1/dom/ipc/jsactor/JSWindowActorChild.cpp:57
1684757437578	Marionette	INFO	Stopped listening on port 39203
1684757512305	geckodriver::marionette	ERROR	Failed to close browser connection: Socket not connected (os error 107)
